C51 COMPILER V9.60.0.0   LCDDISPLAY4                                                       01/26/2023 20:12:59 PAGE 1   


C51 COMPILER V9.60.0.0, COMPILATION OF MODULE LCDDISPLAY4
OBJECT MODULE PLACED IN .\Objects\lcddisplay4.obj
COMPILER INVOKED BY: C:\Keil_v5\C51\BIN\C51.EXE lcddisplay4.c OPTIMIZE(8,SPEED) BROWSE DEBUG OBJECTEXTEND PRINT(.\Listin
                    -gs\lcddisplay4.lst) TABS(2) OBJECT(.\Objects\lcddisplay4.obj)

line level    source

   1          #include<reg51.h>
   2          #include <stdio.h>
   3          #include <string.h>
   4          
   5          sbit north_red = P1^0;
   6          sbit north_yellow = P1^1;
   7          sbit north_green = P1^2;
   8          
   9          sbit south_red = P1^3;
  10          sbit south_yellow = P1^4;
  11          sbit south_green = P1^5;
  12          
  13          sbit east_red = P1^6;
  14          sbit east_yellow = P1^7;
  15          sbit east_green = P2^0;
  16          
  17          sbit west_red = P2^1;
  18          sbit west_yellow = P2^2;
  19          sbit west_green = P2^3;
  20          sbit rs=P2^4;
  21          sbit rw=P2^5;
  22          sbit en=P2^6;
  23          
  24          void lcdcmd(unsigned char);
  25          void lcddata(unsigned char);
  26          void delay(unsigned int time);
  27          void displayOpen();
  28          
  29          int j;
  30          char name[] = "4 WAY ROAD TRAFFIC CONTROLL ";
  31          char south[] = "SOUTH OPEN";
  32          char north[] = "NORTH OPEN";
  33          char east[] = "EAST OPEN";
  34          char west[] = "WEST OPEN";
  35          
  36          void delay2(){
  37   1          unsigned int i;
  38   1          for(i=0;i<5000;i++);
  39   1      }
  40          
  41          void displayFirst(){
  42   1        lcdcmd(0x01);
  43   1        lcdcmd(0x38);
  44   1        lcdcmd(0x80);
  45   1        lcdcmd(0x0C);
  46   1         for(j = 0; j < strlen(name); j++) {
  47   2             lcddata(name[j]);
  48   2         }
  49   1      }
  50          
  51          void displayOpen(int count){
  52   1        lcdcmd(0x01);
  53   1        //lcdcmd(0x38);delay2();
  54   1        displayFirst();
C51 COMPILER V9.60.0.0   LCDDISPLAY4                                                       01/26/2023 20:12:59 PAGE 2   

  55   1        lcdcmd(0x80);delay2();
  56   1        lcdcmd(0x0C);delay2();
  57   1          if(count==1){
  58   2          lcdcmd(0xC0);delay2();
  59   2              for(j = 0; j < strlen(north); j++) {
  60   3                lcddata(north[j]);delay2();
  61   3              }
  62   2          }
  63   1      
  64   1      
  65   1             if(count==2){
  66   2          lcdcmd(0xC0);delay2();
  67   2              for(j = 0; j < strlen(east); j++) {
  68   3                lcddata(east[j]);delay2();
  69   3              }
  70   2           }
  71   1      
  72   1           if(count==3){
  73   2       lcdcmd(0xC0);delay2();
  74   2              for(j = 0; j < strlen(south); j++) {
  75   3                lcddata(south[j]);delay2();
  76   3              }
  77   2           }
  78   1      
  79   1           if(count==4){
  80   2          lcdcmd(0xC0);delay2();
  81   2              for(j = 0; j < strlen(west); j++) {
  82   3                lcddata(west[j]);delay2();
  83   3              }
  84   2           }
  85   1          delay2();delay2();
  86   1            //lcdcmd(0x01);delay();
  87   1      }
  88          
  89          void delay3(unsigned int time) 
  90          {
  91   1        
  92   1          unsigned int i, j;
  93   1          for(i=0; i<time; i++)
  94   1              for(j=0; j<1275; j++);
  95   1      }
  96          
  97          void delay(unsigned int time) 
  98          {
  99   1        
 100   1        
 101   1        unsigned char seg[10]={0xc0, 0xf9, 0xa4, 0xb0, 0x99, 0x92, 0x82, 0xf8, 0x80, 0x90};
 102   1        unsigned char x;
 103   1        
 104   1        P0=0x00;
 105   1          for(x=time; x<=time; x--){
 106   2            
 107   2            P0=seg[x];
 108   2            delay3(150);
 109   2          }
 110   1      }
 111          
 112          void main(){
 113   1          P3=0x00;
 114   1          
 115   1          while(1)
 116   1          {   
C51 COMPILER V9.60.0.0   LCDDISPLAY4                                                       01/26/2023 20:12:59 PAGE 3   

 117   2            north_red=1;
 118   2            north_green=north_yellow=0;
 119   2            south_red=1;
 120   2            south_green=south_yellow=0;
 121   2            east_red=1;
 122   2            east_green=east_yellow=0;
 123   2            west_red=1;
 124   2            west_green=west_yellow=0;
 125   2              // open north
 126   2              north_red = 0;
 127   2              north_yellow=0;
 128   2              north_green = 1;
 129   2              displayOpen(1);
 130   2              delay(9);
 131   2              east_red = 0;
 132   2              east_yellow=1;
 133   2              delay(4);
 134   2              north_green = 0;
 135   2              north_red = 1;
 136   2              
 137   2              // open east
 138   2              east_red = 0;
 139   2              east_yellow=0;
 140   2              east_green = 1;
 141   2              displayOpen(2);
 142   2              delay(9);
 143   2              south_red = 0;
 144   2              south_yellow=1;
 145   2              delay(4);
 146   2              east_green = 0;
 147   2              east_red = 1;
 148   2              
 149   2            
 150   2              // open south
 151   2              south_red = 0;
 152   2              south_yellow=0;
 153   2              south_green = 1;
 154   2              displayOpen(3);
 155   2              delay(9);
 156   2              west_red = 0;
 157   2              west_yellow=1;
 158   2              delay(4);
 159   2              south_green = 0;
 160   2              south_red = 1;
 161   2              
 162   2              // open west
 163   2              west_red = 0;
 164   2              west_yellow=0;
 165   2              west_green = 1;
 166   2              displayOpen(4);
 167   2              delay(9);
 168   2              north_red = 0;
 169   2              north_yellow=1;
 170   2              delay(4);
 171   2              west_green = 0;
 172   2              west_red = 1; 
 173   2          }
 174   1      }
 175          
 176          void lcdcmd(unsigned char val){
 177   1          P3=val;
 178   1          rs=0;
C51 COMPILER V9.60.0.0   LCDDISPLAY4                                                       01/26/2023 20:12:59 PAGE 4   

 179   1          rw=0;
 180   1          en=1;
 181   1          delay2();
 182   1          en=0;
 183   1      }
 184          
 185          void lcddata(unsigned char val){
 186   1          P3=val;
 187   1          rs=1;
 188   1          rw=0;
 189   1          en=1;
 190   1          delay2();
 191   1          en=0;
 192   1      }
 193          


MODULE INFORMATION:   STATIC OVERLAYABLE
   CODE SIZE        =    614    ----
   CONSTANT SIZE    =     10    ----
   XDATA SIZE       =   ----    ----
   PDATA SIZE       =   ----    ----
   DATA SIZE        =     73      14
   IDATA SIZE       =   ----    ----
   BIT SIZE         =   ----    ----
END OF MODULE INFORMATION.


C51 COMPILATION COMPLETE.  0 WARNING(S),  0 ERROR(S)
