C51 COMPILER V9.60.0.0   TRAFFIC_SSEGMENT                                                  01/24/2023 16:17:48 PAGE 1   


C51 COMPILER V9.60.0.0, COMPILATION OF MODULE TRAFFIC_SSEGMENT
OBJECT MODULE PLACED IN .\Objects\traffic_ssegment.obj
COMPILER INVOKED BY: C:\Keil_v5\C51\BIN\C51.EXE traffic_ssegment.c OPTIMIZE(8,SPEED) BROWSE DEBUG OBJECTEXTEND PRINT(.\L
                    -istings\traffic_ssegment.lst) TABS(2) OBJECT(.\Objects\traffic_ssegment.obj)

line level    source

   1          #include<reg51.h>
   2          
   3          sbit red=P1^0; // Connecting red LED to P1.0
   4          sbit yellow=P1^1; // Connecting yellow LED to P1.1
   5          sbit green=P1^2; // Connecting green LED to P1.2
   6          
   7          void delay(unsigned int time) // delay function
   8          {
   9   1          unsigned int i, j;
  10   1          for(i=0; i<time; i++)
  11   1              for(j=0; j<1275; j++);
  12   1      }
  13          
  14          void ssd_delay(int y)
  15          {
  16   1        unsigned char seg[10]={0xc0, 0xf9, 0xa4, 0xb0, 0x99, 0x92, 0x82, 0xf8, 0x80, 0x90};
  17   1        unsigned char x;
  18   1        unsigned int i;
  19   1        P2=0x00;
  20   1          for(x=y; x<=y; x--){
  21   2            P2=seg[x];
  22   2            delay(150);
  23   2          }
  24   1      }
*** WARNING C280 IN LINE 18 OF traffic_ssegment.c: 'i': unreferenced local variable
  25          
  26          void main()
  27          {
  28   1        red=green=yellow=0;
  29   1          while(1)
  30   1          {
  31   2              red = 1; 
  32   2              ssd_delay(9); 
  33   2              red = 0; 
  34   2              yellow = 1; 
  35   2              ssd_delay(4); 
  36   2              yellow = 0; 
  37   2              green = 1; 
  38   2              ssd_delay(9); 
  39   2              green = 0; 
  40   2          }
  41   1      }


MODULE INFORMATION:   STATIC OVERLAYABLE
   CODE SIZE        =    133    ----
   CONSTANT SIZE    =     10    ----
   XDATA SIZE       =   ----    ----
   PDATA SIZE       =   ----    ----
   DATA SIZE        =   ----      14
   IDATA SIZE       =   ----    ----
   BIT SIZE         =   ----    ----
END OF MODULE INFORMATION.


C51 COMPILATION COMPLETE.  1 WARNING(S),  0 ERROR(S)
