C51 COMPILER V9.60.0.0   2_SSEGMENT                                                        01/26/2023 12:49:47 PAGE 1   


C51 COMPILER V9.60.0.0, COMPILATION OF MODULE 2_SSEGMENT
OBJECT MODULE PLACED IN .\Objects\2_ssegment.obj
COMPILER INVOKED BY: C:\Keil_v5\C51\BIN\C51.EXE 2_ssegment.c OPTIMIZE(8,SPEED) BROWSE DEBUG OBJECTEXTEND PRINT(.\Listing
                    -s\2_ssegment.lst) TABS(2) OBJECT(.\Objects\2_ssegment.obj)

line level    source

   1          #include<reg51.h>
   2          
   3          //sbit red=P1^0;
   4          //sbit yellow=P1^1;
   5          //sbit green=P1^2;
   6          
   7          void delay(unsigned int time) // delay function
   8          {
   9   1          unsigned int i, j;
  10   1          for(i=0; i<time; i++)
  11   1              for(j=0; j<1275; j++);
  12   1      }
  13          
  14          void ssd_delay()
  15          {
  16   1        unsigned char seg[10]={0xc0, 0xf9, 0xa4, 0xb0, 0x99, 0x92, 0x82, 0xf8, 0x80, 0x90};
  17   1        unsigned char x;
  18   1        unsigned char y;
  19   1        unsigned char z;
  20   1        
  21   1        P1=0x00;
  22   1        P2=0x00;
  23   1        P3=0x00;
  24   1          for(x=0; x<10; x++){
  25   2            P1=seg[x];
  26   2            for(y=0; y<10; y++){
  27   3              P2=seg[y];
  28   3              for(z=0; z<10; z++){
  29   4                P3=seg[z];
  30   4                delay(100);
  31   4              } 
  32   3            }
  33   2            P3=seg[0];
  34   2          }
  35   1      }
  36          
  37          void main()
  38          {
  39   1        //red=green=yellow=0;
  40   1          while(1)
  41   1          {
  42   2              //red = 1; 
  43   2              ssd_delay(); 
  44   2              //red = 0; 
  45   2              //yellow = 1; 
  46   2              ssd_delay(); 
  47   2              //yellow = 0; 
  48   2              //green = 1; 
  49   2              ssd_delay(); 
  50   2              //green = 0; 
  51   2          }
  52   1      }


C51 COMPILER V9.60.0.0   2_SSEGMENT                                                        01/26/2023 12:49:47 PAGE 2   

MODULE INFORMATION:   STATIC OVERLAYABLE
   CODE SIZE        =    153    ----
   CONSTANT SIZE    =     10    ----
   XDATA SIZE       =   ----    ----
   PDATA SIZE       =   ----    ----
   DATA SIZE        =   ----      12
   IDATA SIZE       =   ----    ----
   BIT SIZE         =   ----    ----
END OF MODULE INFORMATION.


C51 COMPILATION COMPLETE.  0 WARNING(S),  0 ERROR(S)
