C51 COMPILER V9.60.0.0   LCDDISPLAY                                                        01/07/2023 14:00:17 PAGE 1   


C51 COMPILER V9.60.0.0, COMPILATION OF MODULE LCDDISPLAY
OBJECT MODULE PLACED IN .\Objects\lcddisplay.obj
COMPILER INVOKED BY: C:\Keil_v5\C51\BIN\C51.EXE lcddisplay.c OPTIMIZE(8,SPEED) BROWSE DEBUG OBJECTEXTEND PRINT(.\Listing
                    -s\lcddisplay.lst) TABS(2) OBJECT(.\Objects\lcddisplay.obj)

line level    source

   1          #include<reg51.h>
   2          sbit rs=P3^0;
   3          sbit rw=P3^1;
   4          sbit en=P3^2;
   5          
   6          void lcdcmd(unsigned char);
   7          void lcddata(unsigned char);
   8          void delay();
   9          
  10          void main(){
  11   1          P2=0x00;
  12   1          while(1)
  13   1          {
  14   2              lcdcmd(0x38);delay();
  15   2              lcdcmd(0x80);delay();
  16   2              lcdcmd(0x0C);delay();
  17   2              lcddata('M');delay();
  18   2              lcddata('O');delay();
  19   2              lcddata('T');delay(); 
  20   2              lcddata('A');delay();
  21   2              lcddata('L');delay();
  22   2              lcddata('I');delay();
  23   2              lcddata('B');delay();
  24   2              lcddata(' ');delay();
  25   2              lcddata('P');delay();
  26   2              lcddata('A');delay();
  27   2              lcddata('T');delay(); 
  28   2              lcddata('H');delay();
  29   2              lcddata('A');delay();
  30   2              lcddata('N');delay();
  31   2              lcdcmd(0xC0);delay();
  32   2              lcddata('2');delay();
  33   2              lcddata('0');delay();
  34   2              lcddata('1');delay(); 
  35   2              lcddata('9');delay();
  36   2              lcddata('0');delay();
  37   2              lcddata('0');delay();
  38   2              lcddata('0');delay();
  39   2              lcddata('0');delay();
  40   2              lcddata('1');delay(); 
  41   2              lcddata('0');delay();
  42   2              lcddata('0');delay();
  43   2              lcddata('8');delay();
  44   2              lcddata('1');delay();
  45   2              delay();delay();
  46   2              
  47   2          }
  48   1      }
  49          
  50          void lcdcmd(unsigned char val){
  51   1          P2=val;
  52   1          rs=0;
  53   1          rw=0;
  54   1          en=1;
C51 COMPILER V9.60.0.0   LCDDISPLAY                                                        01/07/2023 14:00:17 PAGE 2   

  55   1          delay();
  56   1          en=0;
  57   1      }
  58          
  59          void lcddata(unsigned char val){
  60   1          P2=val;
  61   1          rs=1;
  62   1          rw=0;
  63   1          en=1;
  64   1          delay();
  65   1          en=0;
  66   1      }
  67          
  68          void delay(){
  69   1          unsigned int i;
  70   1          for(i=0;i<5000;i++);
  71   1      }


MODULE INFORMATION:   STATIC OVERLAYABLE
   CODE SIZE        =    303    ----
   CONSTANT SIZE    =   ----    ----
   XDATA SIZE       =   ----    ----
   PDATA SIZE       =   ----    ----
   DATA SIZE        =   ----    ----
   IDATA SIZE       =   ----    ----
   BIT SIZE         =   ----    ----
END OF MODULE INFORMATION.


C51 COMPILATION COMPLETE.  0 WARNING(S),  0 ERROR(S)
