C51 COMPILER V9.60.0.0   LCDDISPLAY                                                        01/10/2023 23:50:30 PAGE 1   


C51 COMPILER V9.60.0.0, COMPILATION OF MODULE LCDDISPLAY
OBJECT MODULE PLACED IN .\Objects\lcddisplay.obj
COMPILER INVOKED BY: C:\Keil_v5\C51\BIN\C51.EXE lcddisplay.c OPTIMIZE(8,SPEED) BROWSE DEBUG OBJECTEXTEND PRINT(.\Listing
                    -s\lcddisplay.lst) TABS(2) OBJECT(.\Objects\lcddisplay.obj)

line level    source

   1          #include<reg51.h>
   2          #include <stdio.h>
   3          #include <string.h>
   4          sbit rs=P3^0;
   5          sbit rw=P3^1;
   6          sbit en=P3^2;
   7          
   8          void lcdcmd(unsigned char);
   9          void lcddata(unsigned char);
  10          void delay();
  11          
  12          int j;
  13          char full_name[] = "MOTALIB PATHAN - 2019000010081";
  14          char department[] = "CSE - SOUTHEAST UNIVERSITY";
  15          
  16          void main(){
  17   1          P2=0x00;
  18   1          while(1)
  19   1          {
  20   2              lcdcmd(0x38);delay();
  21   2              lcdcmd(0x80);delay();
  22   2              lcdcmd(0x0C);delay();
  23   2      
  24   2              for(j = 0; j < strlen(full_name); j++) {
  25   3                lcddata(full_name[j]);delay();
  26   3              }
  27   2      
  28   2              lcdcmd(0xC0);delay();
  29   2              for(j = 0; j < strlen(department); j++) {
  30   3                lcddata(department[j]);delay();
  31   3              }
  32   2              delay();delay();
  33   2              //lcdcmd(0x01);delay();
  34   2          }
  35   1      }
  36          
  37          void lcdcmd(unsigned char val){
  38   1          P2=val;
  39   1          rs=0;
  40   1          rw=0;
  41   1          en=1;
  42   1          delay();
  43   1          en=0;
  44   1      }
  45          
  46          void lcddata(unsigned char val){
  47   1          P2=val;
  48   1          rs=1;
  49   1          rw=0;
  50   1          en=1;
  51   1          delay();
  52   1          en=0;
  53   1      }
  54          
C51 COMPILER V9.60.0.0   LCDDISPLAY                                                        01/10/2023 23:50:30 PAGE 2   

  55          void delay(){
  56   1          unsigned int i;
  57   1          for(i=0;i<5000;i++);
  58   1      }


MODULE INFORMATION:   STATIC OVERLAYABLE
   CODE SIZE        =    179    ----
   CONSTANT SIZE    =   ----    ----
   XDATA SIZE       =   ----    ----
   PDATA SIZE       =   ----    ----
   DATA SIZE        =     60    ----
   IDATA SIZE       =   ----    ----
   BIT SIZE         =   ----    ----
END OF MODULE INFORMATION.


C51 COMPILATION COMPLETE.  0 WARNING(S),  0 ERROR(S)
